[2020-03-11 01:20:01] local.ERROR: Target class [App\Http\Controllers\Api\HostsController] does not exist. {"exception":"[object] (Illuminate\\Contracts\\Container\\BindingResolutionException(code: 0): Target class [App\\Http\\Controllers\\Api\\HostsController] does not exist. at /home/vagrant/code/UniAppApi/vendor/laravel/framework/src/Illuminate/Container/Container.php:805)
[stacktrace]
#0 /home/vagrant/code/UniAppApi/vendor/laravel/framework/src/Illuminate/Container/Container.php(681): Illuminate\\Container\\Container->build()
#1 /home/vagrant/code/UniAppApi/vendor/laravel/framework/src/Illuminate/Foundation/Application.php(785): Illuminate\\Container\\Container->resolve()
#2 /home/vagrant/code/UniAppApi/vendor/laravel/framework/src/Illuminate/Container/Container.php(629): Illuminate\\Foundation\\Application->resolve()
#3 /home/vagrant/code/UniAppApi/vendor/laravel/framework/src/Illuminate/Foundation/Application.php(770): Illuminate\\Container\\Container->make()
#4 /home/vagrant/code/UniAppApi/vendor/laravel/framework/src/Illuminate/Routing/Route.php(233): Illuminate\\Foundation\\Application->make()
#5 /home/vagrant/code/UniAppApi/vendor/laravel/framework/src/Illuminate/Routing/Route.php(833): Illuminate\\Routing\\Route->getController()
#6 /home/vagrant/code/UniAppApi/vendor/laravel/framework/src/Illuminate/Routing/Route.php(794): Illuminate\\Routing\\Route->controllerMiddleware()
#7 /home/vagrant/code/UniAppApi/vendor/laravel/framework/src/Illuminate/Foundation/Console/RouteListCommand.php(173): Illuminate\\Routing\\Route->gatherMiddleware()
#8 /home/vagrant/code/UniAppApi/vendor/laravel/framework/src/Illuminate/Foundation/Console/RouteListCommand.php(117): Illuminate\\Foundation\\Console\\RouteListCommand->getMiddleware()
#9 /home/vagrant/code/UniAppApi/vendor/laravel/framework/src/Illuminate/Foundation/Console/RouteListCommand.php(89): Illuminate\\Foundation\\Console\\RouteListCommand->getRouteInformation()
#10 [internal function]: Illuminate\\Foundation\\Console\\RouteListCommand->Illuminate\\Foundation\\Console\\{closure}()
#11 /home/vagrant/code/UniAppApi/vendor/laravel/framework/src/Illuminate/Support/Collection.php(638): array_map()
#12 /home/vagrant/code/UniAppApi/vendor/laravel/framework/src/Illuminate/Foundation/Console/RouteListCommand.php(90): Illuminate\\Support\\Collection->map()
#13 /home/vagrant/code/UniAppApi/vendor/laravel/framework/src/Illuminate/Foundation/Console/RouteListCommand.php(74): Illuminate\\Foundation\\Console\\RouteListCommand->getRoutes()
#14 [internal function]: Illuminate\\Foundation\\Console\\RouteListCommand->handle()
#15 /home/vagrant/code/UniAppApi/vendor/laravel/framework/src/Illuminate/Container/BoundMethod.php(32): call_user_func_array()
#16 /home/vagrant/code/UniAppApi/vendor/laravel/framework/src/Illuminate/Container/Util.php(36): Illuminate\\Container\\BoundMethod::Illuminate\\Container\\{closure}()
#17 /home/vagrant/code/UniAppApi/vendor/laravel/framework/src/Illuminate/Container/BoundMethod.php(90): Illuminate\\Container\\Util::unwrapIfClosure()
#18 /home/vagrant/code/UniAppApi/vendor/laravel/framework/src/Illuminate/Container/BoundMethod.php(34): Illuminate\\Container\\BoundMethod::callBoundMethod()
#19 /home/vagrant/code/UniAppApi/vendor/laravel/framework/src/Illuminate/Container/Container.php(590): Illuminate\\Container\\BoundMethod::call()
#20 /home/vagrant/code/UniAppApi/vendor/laravel/framework/src/Illuminate/Console/Command.php(134): Illuminate\\Container\\Container->call()
#21 /home/vagrant/code/UniAppApi/vendor/symfony/console/Command/Command.php(255): Illuminate\\Console\\Command->execute()
#22 /home/vagrant/code/UniAppApi/vendor/laravel/framework/src/Illuminate/Console/Command.php(121): Symfony\\Component\\Console\\Command\\Command->run()
#23 /home/vagrant/code/UniAppApi/vendor/symfony/console/Application.php(1001): Illuminate\\Console\\Command->run()
#24 /home/vagrant/code/UniAppApi/vendor/symfony/console/Application.php(271): Symfony\\Component\\Console\\Application->doRunCommand()
#25 /home/vagrant/code/UniAppApi/vendor/symfony/console/Application.php(147): Symfony\\Component\\Console\\Application->doRun()
#26 /home/vagrant/code/UniAppApi/vendor/laravel/framework/src/Illuminate/Console/Application.php(93): Symfony\\Component\\Console\\Application->run()
#27 /home/vagrant/code/UniAppApi/vendor/laravel/framework/src/Illuminate/Foundation/Console/Kernel.php(131): Illuminate\\Console\\Application->run()
#28 /home/vagrant/code/UniAppApi/artisan(37): Illuminate\\Foundation\\Console\\Kernel->handle()
#29 {main}

[previous exception] [object] (ReflectionException(code: -1): Class App\\Http\\Controllers\\Api\\HostsController does not exist at /home/vagrant/code/UniAppApi/vendor/laravel/framework/src/Illuminate/Container/Container.php:803)
[stacktrace]
#0 /home/vagrant/code/UniAppApi/vendor/laravel/framework/src/Illuminate/Container/Container.php(803): ReflectionClass->__construct()
#1 /home/vagrant/code/UniAppApi/vendor/laravel/framework/src/Illuminate/Container/Container.php(681): Illuminate\\Container\\Container->build()
#2 /home/vagrant/code/UniAppApi/vendor/laravel/framework/src/Illuminate/Foundation/Application.php(785): Illuminate\\Container\\Container->resolve()
#3 /home/vagrant/code/UniAppApi/vendor/laravel/framework/src/Illuminate/Container/Container.php(629): Illuminate\\Foundation\\Application->resolve()
#4 /home/vagrant/code/UniAppApi/vendor/laravel/framework/src/Illuminate/Foundation/Application.php(770): Illuminate\\Container\\Container->make()
#5 /home/vagrant/code/UniAppApi/vendor/laravel/framework/src/Illuminate/Routing/Route.php(233): Illuminate\\Foundation\\Application->make()
#6 /home/vagrant/code/UniAppApi/vendor/laravel/framework/src/Illuminate/Routing/Route.php(833): Illuminate\\Routing\\Route->getController()
#7 /home/vagrant/code/UniAppApi/vendor/laravel/framework/src/Illuminate/Routing/Route.php(794): Illuminate\\Routing\\Route->controllerMiddleware()
#8 /home/vagrant/code/UniAppApi/vendor/laravel/framework/src/Illuminate/Foundation/Console/RouteListCommand.php(173): Illuminate\\Routing\\Route->gatherMiddleware()
#9 /home/vagrant/code/UniAppApi/vendor/laravel/framework/src/Illuminate/Foundation/Console/RouteListCommand.php(117): Illuminate\\Foundation\\Console\\RouteListCommand->getMiddleware()
#10 /home/vagrant/code/UniAppApi/vendor/laravel/framework/src/Illuminate/Foundation/Console/RouteListCommand.php(89): Illuminate\\Foundation\\Console\\RouteListCommand->getRouteInformation()
#11 [internal function]: Illuminate\\Foundation\\Console\\RouteListCommand->Illuminate\\Foundation\\Console\\{closure}()
#12 /home/vagrant/code/UniAppApi/vendor/laravel/framework/src/Illuminate/Support/Collection.php(638): array_map()
#13 /home/vagrant/code/UniAppApi/vendor/laravel/framework/src/Illuminate/Foundation/Console/RouteListCommand.php(90): Illuminate\\Support\\Collection->map()
#14 /home/vagrant/code/UniAppApi/vendor/laravel/framework/src/Illuminate/Foundation/Console/RouteListCommand.php(74): Illuminate\\Foundation\\Console\\RouteListCommand->getRoutes()
#15 [internal function]: Illuminate\\Foundation\\Console\\RouteListCommand->handle()
#16 /home/vagrant/code/UniAppApi/vendor/laravel/framework/src/Illuminate/Container/BoundMethod.php(32): call_user_func_array()
#17 /home/vagrant/code/UniAppApi/vendor/laravel/framework/src/Illuminate/Container/Util.php(36): Illuminate\\Container\\BoundMethod::Illuminate\\Container\\{closure}()
#18 /home/vagrant/code/UniAppApi/vendor/laravel/framework/src/Illuminate/Container/BoundMethod.php(90): Illuminate\\Container\\Util::unwrapIfClosure()
#19 /home/vagrant/code/UniAppApi/vendor/laravel/framework/src/Illuminate/Container/BoundMethod.php(34): Illuminate\\Container\\BoundMethod::callBoundMethod()
#20 /home/vagrant/code/UniAppApi/vendor/laravel/framework/src/Illuminate/Container/Container.php(590): Illuminate\\Container\\BoundMethod::call()
#21 /home/vagrant/code/UniAppApi/vendor/laravel/framework/src/Illuminate/Console/Command.php(134): Illuminate\\Container\\Container->call()
#22 /home/vagrant/code/UniAppApi/vendor/symfony/console/Command/Command.php(255): Illuminate\\Console\\Command->execute()
#23 /home/vagrant/code/UniAppApi/vendor/laravel/framework/src/Illuminate/Console/Command.php(121): Symfony\\Component\\Console\\Command\\Command->run()
#24 /home/vagrant/code/UniAppApi/vendor/symfony/console/Application.php(1001): Illuminate\\Console\\Command->run()
#25 /home/vagrant/code/UniAppApi/vendor/symfony/console/Application.php(271): Symfony\\Component\\Console\\Application->doRunCommand()
#26 /home/vagrant/code/UniAppApi/vendor/symfony/console/Application.php(147): Symfony\\Component\\Console\\Application->doRun()
#27 /home/vagrant/code/UniAppApi/vendor/laravel/framework/src/Illuminate/Console/Application.php(93): Symfony\\Component\\Console\\Application->run()
#28 /home/vagrant/code/UniAppApi/vendor/laravel/framework/src/Illuminate/Foundation/Console/Kernel.php(131): Illuminate\\Console\\Application->run()
#29 /home/vagrant/code/UniAppApi/artisan(37): Illuminate\\Foundation\\Console\\Kernel->handle()
#30 {main}
"} 
